<?xml version="1.0" encoding="UTF-8"?>
<!-- Generated by org.testng.reporters.JUnitXMLReporter -->
<testsuite ignored="1" hostname="DESKTOP-GI358GT" failures="0" tests="1" name="Default test" time="24.185" errors="0" timestamp="2025-07-10T12:34:28 IST">
  <testcase classname="com.bank.blms.assinLockerTest.AssignLockerTest" name="deleteAssignedLocker" time="15.379"/>
  <testcase classname="com.bank.blms.assinLockerTest.AssignLockerTest" name="assignLocker" time="0.0">
    <ignored/>
  </testcase> <!-- assignLocker -->
</testsuite> <!-- Default test -->
