<?xml version="1.0" encoding="UTF-8"?>
<!-- Generated by org.testng.reporters.JUnitXMLReporter -->
<testsuite ignored="0" hostname="DESKTOP-GI358GT" failures="0" tests="2" name="TestRunner-Firefox" time="14.722" errors="0" timestamp="2025-07-08T12:26:16 IST">
  <testcase classname="com.bank.blms.subBankerTest.SubBankerTest" name="createSubBanker" time="2.53"/>
  <testcase classname="com.bank.blms.subBankerTest.SubBankerTest" name="deleteSubBanker" time="0.0">
    <skipped/>
  </testcase> <!-- deleteSubBanker -->
</testsuite> <!-- TestRunner-Firefox -->
