<?xml version="1.0" encoding="UTF-8"?>
<!-- Generated by org.testng.reporters.JUnitXMLReporter -->
<testsuite ignored="1" hostname="DESKTOP-GI358GT" failures="0" tests="1" name="Test" time="17.62" errors="0" timestamp="2025-07-09T23:32:35 IST">
  <testcase classname="com.bank.blms.lockerTypeTest.LockerTypeTest" name="createLockerType" time="3.83"/>
  <testcase classname="com.bank.blms.lockerTypeTest.LockerTypeTest" name="deleteLockerType" time="0.0">
    <ignored/>
  </testcase> <!-- deleteLockerType -->
</testsuite> <!-- Test -->
