<?xml version="1.0" encoding="UTF-8"?>
<!-- Generated by org.testng.reporters.JUnitXMLReporter -->
<testsuite ignored="7" hostname="DESKTOP-GI358GT" failures="0" tests="3" name="Test" time="23.618" errors="0" timestamp="2025-07-09T14:26:37 IST">
  <testcase classname="com.bank.blms.subBankerTest.SubBankerTest" name="createSubBanker" time="2.568"/>
  <testcase classname="com.bank.blms.assinLockerTest.AssignLockerTest" name="assignLocker" time="3.72"/>
  <testcase classname="com.bank.blms.lockerTypeTest.LockerTypeTest" name="createLockerType" time="1.782"/>
  <testcase classname="com.comcast.crm.baseclasstest.samplebaseclass" name="@AfterSuite configAS" time="0.0">
    <ignored/>
  </testcase> <!-- @AfterSuite configAS -->
  <testcase classname="com.bank.blms.subBankerTest.SubBankerTest" name="deleteSubBanker" time="0.0">
    <ignored/>
  </testcase> <!-- deleteSubBanker -->
  <testcase classname="com.bank.blms.lockerTypeTest.LockerTypeTest" name="deleteLockerType" time="0.0">
    <ignored/>
  </testcase> <!-- deleteLockerType -->
  <testcase classname="com.comcast.crm.baseclasstest.samplebaseclass" name="@AfterSuite configAS" time="0.0">
    <ignored/>
  </testcase> <!-- @AfterSuite configAS -->
  <testcase classname="com.bank.blms.assinLockerTest.AssignLockerTest" name="deleteAssignedLocker" time="0.0">
    <ignored/>
  </testcase> <!-- deleteAssignedLocker -->
  <testcase classname="com.comcast.crm.baseclasstest.samplebaseclass" name="@BeforeSuite configBS" time="0.0">
    <ignored/>
  </testcase> <!-- @BeforeSuite configBS -->
  <testcase classname="com.comcast.crm.baseclasstest.samplebaseclass" name="@BeforeSuite configBS" time="0.0">
    <ignored/>
  </testcase> <!-- @BeforeSuite configBS -->
</testsuite> <!-- Test -->
