<?xml version="1.0" encoding="UTF-8"?>
<testng-results ignored="1" total="2" passed="1" failed="0" skipped="0">
  <reporter-output>
  </reporter-output>
  <suite started-at="2025-07-09T23:32:18 IST" name="Group_Suite" finished-at="2025-07-09T23:32:35 IST" duration-ms="17620">
    <groups>
      <group name="Smoke">
        <method signature="LockerTypeTest.createLockerType()[pri:0, instance:com.bank.blms.lockerTypeTest.LockerTypeTest@69453e37]" name="createLockerType" class="com.bank.blms.lockerTypeTest.LockerTypeTest"/>
      </group> <!-- Smoke -->
    </groups>
    <test started-at="2025-07-09T23:32:18 IST" name="Test" finished-at="2025-07-09T23:32:35 IST" duration-ms="17620">
      <class name="com.bank.blms.lockerTypeTest.LockerTypeTest">
        <test-method is-config="true" signature="configBS()[pri:0, instance:com.bank.blms.lockerTypeTest.LockerTypeTest@69453e37]" started-at="2025-07-09T23:32:17 IST" name="configBS" finished-at="2025-07-09T23:32:18 IST" duration-ms="712" status="PASS">
          <reporter-output>
          </reporter-output>
        </test-method> <!-- configBS -->
        <test-method is-config="true" signature="configBC()[pri:0, instance:com.bank.blms.lockerTypeTest.LockerTypeTest@69453e37]" started-at="2025-07-09T23:32:18 IST" name="configBC" finished-at="2025-07-09T23:32:26 IST" duration-ms="8068" status="PASS">
          <reporter-output>
          </reporter-output>
        </test-method> <!-- configBC -->
        <test-method is-config="true" signature="configBM()[pri:0, instance:com.bank.blms.lockerTypeTest.LockerTypeTest@69453e37]" started-at="2025-07-09T23:32:26 IST" name="configBM" finished-at="2025-07-09T23:32:30 IST" duration-ms="4004" status="PASS">
          <reporter-output>
          </reporter-output>
        </test-method> <!-- configBM -->
        <test-method signature="createLockerType()[pri:0, instance:com.bank.blms.lockerTypeTest.LockerTypeTest@69453e37]" started-at="2025-07-09T23:32:30 IST" name="createLockerType" finished-at="2025-07-09T23:32:33 IST" duration-ms="3830" status="PASS">
          <reporter-output>
          </reporter-output>
        </test-method> <!-- createLockerType -->
        <test-method is-config="true" signature="configAF()[pri:0, instance:com.bank.blms.lockerTypeTest.LockerTypeTest@69453e37]" started-at="2025-07-09T23:32:33 IST" name="configAF" finished-at="2025-07-09T23:32:34 IST" duration-ms="840" status="PASS">
          <reporter-output>
          </reporter-output>
        </test-method> <!-- configAF -->
        <test-method is-config="true" signature="configAC()[pri:0, instance:com.bank.blms.lockerTypeTest.LockerTypeTest@69453e37]" started-at="2025-07-09T23:32:34 IST" name="configAC" finished-at="2025-07-09T23:32:35 IST" duration-ms="824" status="PASS">
          <reporter-output>
          </reporter-output>
        </test-method> <!-- configAC -->
        <test-method is-config="true" signature="configAS()[pri:0, instance:com.bank.blms.lockerTypeTest.LockerTypeTest@69453e37]" started-at="2025-07-09T23:32:35 IST" name="configAS" finished-at="2025-07-09T23:32:35 IST" duration-ms="0" status="PASS">
          <reporter-output>
          </reporter-output>
        </test-method> <!-- configAS -->
      </class> <!-- com.bank.blms.lockerTypeTest.LockerTypeTest -->
    </test> <!-- Test -->
  </suite> <!-- Group_Suite -->
</testng-results>
